2020-08-09 04:01:42,109 -  nornir.core -     INFO -        run() - Running task 'load_vars' with args {} on 3 hosts
2020-08-09 04:01:42,116 - nornir.core.task -    ERROR -      start() - Host 'SPOKE1-R2-': task 'load_yaml' failed with traceback:
Traceback (most recent call last):
  File "/Users/aramide/BGP-Cumulus/venv/lib/python3.8/site-packages/nornir/core/task.py", line 85, in start
    r = self.task(self, **self.params)
  File "/Users/aramide/BGP-Cumulus/venv/lib/python3.8/site-packages/nornir/plugins/tasks/data/load_yaml.py", line 24, in load_yaml
    with open(file, "r") as f:
FileNotFoundError: [Errno 2] No such file or directory: './host_vars/SPOKE1-R2-.yaml'

2020-08-09 04:01:42,116 - nornir.core.task -    ERROR -      start() - Host 'SPOKE1-R2-': task 'load_vars' failed with traceback:
Traceback (most recent call last):
  File "/Users/aramide/BGP-Cumulus/venv/lib/python3.8/site-packages/nornir/core/task.py", line 85, in start
    r = self.task(self, **self.params)
  File "/Users/aramide/Google Drive/NETCONF-DMVPN-jinja2/dmvpn-deploy.py", line 11, in load_vars
    data = task.run(task=load_yaml, file=f'./host_vars/{task.host}.yaml')
  File "/Users/aramide/BGP-Cumulus/venv/lib/python3.8/site-packages/nornir/core/task.py", line 147, in run
    raise NornirSubTaskError(task=task, result=r)
nornir.core.exceptions.NornirSubTaskError: Subtask: <function load_yaml at 0x7f8e973e4b80> (failed)


2020-08-09 04:02:25,402 -  nornir.core -     INFO -        run() - Running task 'load_vars' with args {} on 3 hosts
2020-08-09 04:13:39,654 -  nornir.core -     INFO -        run() - Running task 'load_vars' with args {} on 3 hosts
2020-08-09 04:15:29,966 -  nornir.core -     INFO -        run() - Running task 'load_vars' with args {} on 3 hosts
2020-08-09 04:17:22,183 -  nornir.core -     INFO -        run() - Running task 'load_vars' with args {} on 3 hosts
2020-08-09 04:24:35,030 -  nornir.core -     INFO -        run() - Running task 'netconf_mac' with args {} on 3 hosts
2020-08-09 04:26:14,013 -  nornir.core -     INFO -        run() - Running task 'load_vars' with args {} on 3 hosts
2020-08-09 04:26:24,963 -  nornir.core -     INFO -        run() - Running task 'netconf_mac' with args {} on 3 hosts
